<!doctype html>
<html lang="zh-CN">

<head>
    <meta charset="utf-8">
    <meta http-equiv="X-UA-Compatible" content="IE=edge">
    <meta name="viewport" content="width=device-width, initial-scale=1">
    

    <title>pg_trgm的gist和gin索引加速字符匹配查询 | Let&#39;s go 🐌 🐌 🐌</title>
    <meta property="og:title" content="pg_trgm的gist和gin索引加速字符匹配查询 - Let&#39;s go 🐌 🐌 🐌">
    <meta property="og:type" content="article">
        
    <meta property="article:published_time" content='2019-01-07T09:37:23&#43;08:00'>
        
        
    <meta property="article:modified_time" content='2019-01-07T09:37:23&#43;08:00'>
        
    <meta name="Keywords" content="postgres 、python、pg 、linix 、docker、 kubernetes、 cloud、hadoop、promethues ">
    <meta name="description" content="pg_trgm的gist和gin索引加速字符匹配查询">
        
    <meta name="author" content="Eamon">
    <meta property="og:url" content="https://zhangeamon.top/postgres/pg_trgm/">
    <link rel="shortcut icon" href='/favicon.ico'  type="image/x-icon">

    <link rel="stylesheet" href='/css/normalize.css'>
    <link rel="stylesheet" href='/css/style.css'>
    
    
    <script type="text/javascript" src="/js/jquery.min.js"></script>
   
    
    
    
    
    
    
        <link rel="stylesheet" href='/css/douban.css'>
    
        <link rel="stylesheet" href='/css/other.css'>
    
   
        <a href=https://github.com/eamonzhang><img style="position: absolute; top: 0; left: 0; border: 0;" src="/images/forkme_left_red_aa0000.png" alt="Fork me on GitHub" data-canonical-src="/images/forkme_left_red_aa0000.png"></a>

   
        <script>
          var _hmt = _hmt || [];
            (function() {
            var hm = document.createElement("script");
            <!-- hm.src = "https://hm.baidu.com/hm.js?1f6605a363a50554aa03adcc685b7699"; -->
            hm.src = "https://hm.baidu.com/hm.js?0010600e9ae6ff8f5814bb7ec6b36072";
            var s = document.getElementsByTagName("script")[0];
            s.parentNode.insertBefore(hm, s);
          })();
       </script>
</head>

<body>
    <header id="header" class="clearfix">
    <div class="container">
        <div class="col-group">
            <div class="site-name ">
                
                    <a id="logo" href="https://zhangeamon.top">
                        Let&#39;s go 🐌 🐌 🐌
                    </a>
                
                <p class="description">Let&#39;s build our own cloud native together  </p>
            </div>
            <div>
                <nav id="nav-menu" class="clearfix">
                    <a class="" href="https://zhangeamon.top">首页</a>
                    
                    <a  href="https://zhangeamon.top/archives" title="归档">归档</a>
                    
                    <a  href="https://zhangeamon.top/postgresql" title="Postgres">Postgres</a>
                    
                    <a  href="https://zhangeamon.top/linux" title="Linux">Linux</a>
                    
                    <a  href="https://zhangeamon.top/about/me" title="关于">关于</a>
                    
                </nav>
            </div>
        </div>
    </div>
</header>

    <div id="body">
        <div class="container">
            <div class="col-group">

                <div class="col-8" id="main">
                    
<div class="res-cons">
    

    <article class="post">
        <header>
            <h1 class="post-title">pg_trgm的gist和gin索引加速字符匹配查询</h1>
        </header>
        <date class="post-meta meta-date">
            2019年1月7日
        </date>
        
        
        
        <div class="post-content">
            <h2 id="背景">背景</h2>
<p>对车牌号的记忆有时可能记住的是前几位，有时可能是后几位，不同的人记车牌号的习惯也不同。<br>
通常是是容易记住首尾，中间不清楚。<br>
那么如何在大量已有车牌数据中快速根据模糊的信息来进行查询呢？</p>
<h2 id="模拟">模拟</h2>
<p>数据库表中约有500w条车牌号记录，对表中的车牌号进行模糊查询。<br>
即支持 car_id like &lsquo;%XXXX%XXX%&rsquo; 查询</p>
<pre><code>---创建表
create table t_car (id int , car_id text);

--插入500万车牌数据 

insert into t_car select generate_series(1,5000000), (array['辽A','辽B','吉A','吉B','黑A','黑B'])[floor(random()*6+1)] || substring(md5(random()::text),0,6);

--查看数据

select * from t_car limit 5;
 id |  car_id  
----+----------
  1 | 吉A43bb9
  2 | 吉B19b64
  3 | 辽Afb04e
  4 | 吉Bcf90c
  5 | 辽Be67df
(5 行记录)

</code></pre><h2 id="索引">索引</h2>
<ul>
<li>顺序扫描</li>
</ul>
<pre><code>explain analyze verbose select * from t_car where car_id = '辽Be67df';
                                                          QUERY PLAN                                                          
------------------------------------------------------------------------------------------------------------------------------
 Gather  (cost=1000.00..54069.87 rows=2 width=14) (actual time=0.458..268.782 rows=4 loops=1)
   Output: id, car_id
   Workers Planned: 2
   Workers Launched: 2
   -&gt;  Parallel Seq Scan on public.t_car  (cost=0.00..53069.67 rows=1 width=14) (actual time=140.151..253.061 rows=1 loops=3)
         Output: id, car_id
         Filter: (t_car.car_id = '辽Be67df'::text)
         Rows Removed by Filter: 1666665
         Worker 0: actual time=246.618..246.619 rows=0 loops=1
         Worker 1: actual time=173.812..251.916 rows=1 loops=1
 Planning time: 0.174 ms
 Execution time: 268.820 ms
(12 行记录)

时间：269.684 ms
</code></pre><ul>
<li>btree</li>
</ul>
<pre><code>创建btree类型索引
create index btree_index_01 on t_car using btree (car_id);

等值查询,结果还是相当给力
postgres=# explain analyze verbose select * from t_car where car_id = '辽Be67df';
                                                          QUERY PLAN                                                          
------------------------------------------------------------------------------------------------------------------------------
 Index Scan using btree_index_01 on public.t_car  (cost=0.43..3.77 rows=2 width=14) (actual time=0.047..0.057 rows=4 loops=1)
   Output: id, car_id
   Index Cond: (t_car.car_id = '辽Be67df'::text)
 Planning time: 0.218 ms
 Execution time: 0.091 ms
(5 行记录)

时间：0.971 ms

后模糊查询，不尽人意。不符合预期。
postgres=# explain analyze verbose select * from t_car where car_id like '辽Be67df%';
                                                           QUERY PLAN                                                           
--------------------------------------------------------------------------------------------------------------------------------
 Gather  (cost=1000.00..54119.47 rows=498 width=14) (actual time=0.426..281.444 rows=4 loops=1)
   Output: id, car_id
   Workers Planned: 2
   Workers Launched: 2
   -&gt;  Parallel Seq Scan on public.t_car  (cost=0.00..53069.67 rows=208 width=14) (actual time=138.857..270.492 rows=1 loops=3)
         Output: id, car_id
         Filter: (t_car.car_id ~~ '辽Be67df%'::text)
         Rows Removed by Filter: 1666665
         Worker 0: actual time=148.488..267.226 rows=2 loops=1
         Worker 1: actual time=268.058..268.058 rows=0 loops=1
 Planning time: 0.153 ms
 Execution time: 281.481 ms
(12 行记录)

时间：282.275 ms
</code></pre><p>以上btree索引没有起到作用的原因,是因为在创建索引时，默认的opclass为等值查询。<a href="https://www.postgresql.org/docs/10/indexes-opclass.html">详情</a></p>
<pre><code>重新创建btree索引

drop index btree_index_01;
create index btree_index_01 on t_car using btree (car_id text_pattern_ops);

这次查询结果符合预期
explain analyze verbose select * from t_car where car_id like '辽Be67df%';
                                                           QUERY PLAN                                                           
--------------------------------------------------------------------------------------------------------------------------------
 Index Scan using btree_index_01 on public.t_car  (cost=0.43..2.66 rows=498 width=14) (actual time=0.050..0.073 rows=4 loops=1)
   Output: id, car_id
   Index Cond: ((t_car.car_id ~&gt;=~ '辽Be67df'::text) AND (t_car.car_id ~&lt;~ '辽Be67dg'::text))
   Filter: (t_car.car_id ~~ '辽Be67df%'::text)
 Planning time: 0.473 ms
 Execution time: 0.106 ms
(6 行记录)

时间：1.407 ms

前模糊查询还是不行
explain analyze verbose select * from t_car where car_id like '%辽Be67df';
                                                           QUERY PLAN                                                           
--------------------------------------------------------------------------------------------------------------------------------
 Gather  (cost=1000.00..54119.47 rows=498 width=14) (actual time=0.476..309.504 rows=4 loops=1)
   Output: id, car_id
   Workers Planned: 2
   Workers Launched: 2
   -&gt;  Parallel Seq Scan on public.t_car  (cost=0.00..53069.67 rows=208 width=14) (actual time=121.528..297.927 rows=1 loops=3)
         Output: id, car_id
         Filter: (t_car.car_id ~~ '%辽Be67df'::text)
         Rows Removed by Filter: 1666665
         Worker 0: actual time=200.075..294.789 rows=1 loops=1
         Worker 1: actual time=164.486..295.015 rows=1 loops=1
 Planning time: 0.139 ms
 Execution time: 309.536 ms
(12 行记录)

时间：310.278 ms

解决前模糊查询的方法，反转查询字段。在逻辑上变成后模糊查询。
create index btree_index_02 on t_car using btree (reverse(car_id) text_pattern_ops);
</code></pre><ul>
<li>gin</li>
</ul>
<p>真正的支持模糊查询</p>
<pre><code>创建扩展
create extension pg_trgm;

创建gin索引

create index gin_index_01 on t_car using gin(car_id gin_trgm_ops);

模糊查询速度也能飞
explain analyze verbose select * from t_car where car_id like '%辽Be67df%';
                                                       QUERY PLAN                                                       
------------------------------------------------------------------------------------------------------------------------
 Bitmap Heap Scan on public.t_car  (cost=36.86..579.80 rows=498 width=14) (actual time=3.936..4.018 rows=4 loops=1)
   Output: id, car_id
   Recheck Cond: (t_car.car_id ~~ '%辽Be67df%'::text)
   Heap Blocks: exact=4
   -&gt;  Bitmap Index Scan on gin_index_01  (cost=0.00..36.73 rows=498 width=0) (actual time=3.900..3.900 rows=4 loops=1)
         Index Cond: (t_car.car_id ~~ '%辽Be67df%'::text)
 Planning time: 2.918 ms
 Execution time: 4.359 ms

explain analyze verbose select * from t_car where car_id like '%辽Be6%df%';
                                                        QUERY PLAN                                                         
---------------------------------------------------------------------------------------------------------------------------
 Bitmap Heap Scan on public.t_car  (cost=17.06..560.00 rows=498 width=14) (actual time=5.958..15.353 rows=35 loops=1)
   Output: id, car_id
   Recheck Cond: (t_car.car_id ~~ '%辽Be6%df%'::text)
   Rows Removed by Index Recheck: 3273
   Heap Blocks: exact=3098
   -&gt;  Bitmap Index Scan on gin_index_01  (cost=0.00..16.93 rows=498 width=0) (actual time=5.172..5.172 rows=3308 loops=1)
         Index Cond: (t_car.car_id ~~ '%辽Be6%df%'::text)
 Planning time: 0.224 ms
 Execution time: 15.462 ms
(9 行记录)

</code></pre><h2 id="扩展阅读">扩展阅读</h2>
<p><a href="https://github.com/postgrespro/rum?spm=a2c4e.11153940.blogcont111793.51.50575bf0HjdIsl">rum</a> 是一个索引插件，由Postgrespro开源，适合全文检索，属于GIN的增强版本。</p>
<p>增强包括：</p>
<p>1、在RUM索引中，存储了lexem的位置信息，所以在计算ranking时，不需要回表查询（而GIN需要回表查询）。</p>
<p>2、RUM支持phrase搜索，而GIN无法支持。</p>
<p>3、在一个RUM索引中，允许用户在posting tree中存储除ctid（行号）以外的字段VALUE，例如时间戳。</p>
<p>如果这种需求多了还是考虑<a href="../es">elasticsearch</a>吧</p>
<p><a href="https://github.com/zombodb/zombodb">zombodb</a>是PostgreSQL与ElasticSearch结合的一个索引接口，可以直接读写ES。</p>

        </div>

        


        

<div class="post-archive">
    <h2>其他文章</h2>
    <ul class="listing">
        
        <li><a href="/docker/troubles/">Docker 问题集</a></li>
        
        <li><a href="/linux/mail/">Centos mail</a></li>
        
        <li><a href="/postgres/pgbouncer/">pgbouncer 连接池</a></li>
        
    </ul>
</div>



        <div class="post-meta meta-tags">
            
            没有标签
            
        </div>
    </article>
    
    

    
    
    <div class="post bg-white">
      <script src="https://utteranc.es/client.js"
            repo= "your github repo"
            issue-term="pathname"
            theme="github-light"
            crossorigin="anonymous"
            async>
      </script>
    </div>
    
</div>

                    <footer id="footer">
    <div>
        &copy; 2018 - 2022 <a href="https://zhangeamon.top"> By Eamon</a>
        
    </div>
    <br />
  
</footer>


    
    <script type="text/javascript">
        window.MathJax = {
            tex2jax: {
                inlineMath: [['$', '$']],
                processEscapes: true
                }
            };
    </script>
    <script src='https://cdnjs.cloudflare.com/ajax/libs/mathjax/2.7.5/MathJax.js?config=TeX-MML-AM_CHTML' async></script>

<a id="rocket" href="#top"></a>
<script type="text/javascript" src='/js/totop.js?v=0.0.0' async=""></script>






    <script src='/js/douban.js'></script>


                </div>

                <div id="secondary">
    <section class="widget">
        <form id="search" action='https://zhangeamon.top/search/' method="get" accept-charset="utf-8" target="_blank" _lpchecked="1">
      
      <input type="text" name="q" maxlength="20" placeholder="Search">
      <input type="hidden" name="sitesearch" value="https://zhangeamon.top">
      <button type="submit" class="submit icon-search"></button>
</form>

    </section>
    
    <section class="widget">
        <h3 class="widget-title">最近文章</h3>
<ul class="widget-list">
    
    <li>
        <a href="https://zhangeamon.top/postgres/vacuum_limit/" title="vacuum 限流">vacuum 限流</a>
    </li>
    
    <li>
        <a href="https://zhangeamon.top/postgres/monitor-sql/" title="查看数据信息常用sql整理">查看数据信息常用sql整理</a>
    </li>
    
    <li>
        <a href="https://zhangeamon.top/postgres/pg_activity/" title="数据库实时运行信息查看">数据库实时运行信息查看</a>
    </li>
    
    <li>
        <a href="https://zhangeamon.top/linux/fastdeletfiles/" title="快速删除大量文件">快速删除大量文件</a>
    </li>
    
    <li>
        <a href="https://zhangeamon.top/linux/perf/" title="perf linux 性能分析">perf linux 性能分析</a>
    </li>
    
    <li>
        <a href="https://zhangeamon.top/linux/xz/" title="高压缩比工具 XZ">高压缩比工具 XZ</a>
    </li>
    
    <li>
        <a href="https://zhangeamon.top/ch/install/" title="ClickHouse">ClickHouse</a>
    </li>
    
    <li>
        <a href="https://zhangeamon.top/postgres/pg_json/" title="数据库的json类型">数据库的json类型</a>
    </li>
    
    <li>
        <a href="https://zhangeamon.top/python/simple-demo/" title="python 简单示例">python 简单示例</a>
    </li>
    
    <li>
        <a href="https://zhangeamon.top/redis/long-polling/" title="长轮询">长轮询</a>
    </li>
    
</ul>

    </section>

    

    <section class="widget">
        <h3 class="widget-title"><a href='/categories'>分类</a></h3>
<ul class="widget-list">
    
    <li><a href="https://zhangeamon.top/categories/ansible/">ansible (4)</a></li>
    
    <li><a href="https://zhangeamon.top/categories/docker/">docker (1)</a></li>
    
    <li><a href="https://zhangeamon.top/categories/etcd/">etcd (1)</a></li>
    
    <li><a href="https://zhangeamon.top/categories/linux/">linux (19)</a></li>
    
    <li><a href="https://zhangeamon.top/categories/mysql/">mysql (4)</a></li>
    
    <li><a href="https://zhangeamon.top/categories/nginx/">nginx (2)</a></li>
    
    <li><a href="https://zhangeamon.top/categories/postgres/">postgres (35)</a></li>
    
    <li><a href="https://zhangeamon.top/categories/python/">python (17)</a></li>
    
    <li><a href="https://zhangeamon.top/categories/rabbitmq/">rabbitmq (2)</a></li>
    
    <li><a href="https://zhangeamon.top/categories/redis/">redis (9)</a></li>
    
    <li><a href="https://zhangeamon.top/categories/%E4%B8%AD%E9%97%B4%E4%BB%B6/">中间件 (9)</a></li>
    
    <li><a href="https://zhangeamon.top/categories/%E5%AD%98%E5%82%A8/">存储 (3)</a></li>
    
    <li><a href="https://zhangeamon.top/categories/%E5%AE%89%E5%85%A8/">安全 (2)</a></li>
    
    <li><a href="https://zhangeamon.top/categories/%E6%95%B0%E4%BB%93/">数仓 (3)</a></li>
    
    <li><a href="https://zhangeamon.top/categories/%E7%9B%91%E6%8E%A7/">监控 (2)</a></li>
    
</ul>

    </section>

    <section class="widget">
        <h3 class="widget-title"><a href='/tags.html'>标签</a></h3>
<div class="tagcloud">
    
    <a href="https://zhangeamon.top/tags/%E4%BC%98%E5%8C%96/">优化</a>
    
    <a href="https://zhangeamon.top/tags/%E9%85%8D%E7%BD%AE%E7%AE%A1%E7%90%86/">配置管理</a>
    
    <a href="https://zhangeamon.top/tags/%E9%AB%98%E5%8F%AF%E7%94%A8/">高可用</a>
    
</div>

    </section>

    
<section class="widget">
    <h3 class="widget-title">友情链接</h3>
    <ul class="widget-list">
        
        <li>
            <a target="_blank" href="http://www.cnblogs.com/zhangeamon" title="历史博客">历史博客</a>
        </li>
        
    </ul>
</section>


    <section class="widget">
        <h3 class="widget-title">其它</h3>
        <ul class="widget-list">
            <li><a href="https://zhangeamon.top/index.xml">文章 RSS</a></li>
        </ul>
    </section>
</div>
            </div>
        </div>
    </div>
   
</body>

</html>
